<?xml version="1.0" encoding="UTF-8"?>
<!-- Generated by org.testng.reporters.JUnitReportReporter -->
<testsuite hostname="DESKTOP-D84TOFF" failures="0" tests="1" name="testCases.HomePageTest" time="84.905" errors="0" timestamp="2023-04-30T11:50:12 IST" skipped="0">
  <testcase classname="testCases.HomePageTest" name="test3" time="84.905"/>
  <system-out/>
</testsuite> <!-- testCases.HomePageTest -->
