<?xml version="1.0" encoding="UTF-8"?>
<!-- Generated by org.testng.reporters.JUnitReportReporter -->
<testsuite hostname="DESKTOP-D84TOFF" failures="0" tests="1" name="testCases.HomePageTest" time="0.000" errors="0" timestamp="2023-04-23T09:13:34 IST" skipped="1">
  <testcase classname="testCases.HomePageTest" name="test3" time="0.000">
    <skipped/>
  </testcase> <!-- test3 -->
  <system-out/>
</testsuite> <!-- testCases.HomePageTest -->
