<?xml version="1.0" encoding="UTF-8"?>
<!-- Generated by org.testng.reporters.JUnitReportReporter -->
<testsuite hostname="DESKTOP-D84TOFF" failures="0" tests="3" name="testCases.LoginTest" time="64.308" errors="0" timestamp="2023-04-24T19:23:29 IST" skipped="0">
  <testcase classname="testCases.LoginTest" name="test2" time="18.722"/>
  <system-out/>
  <testcase classname="testCases.LoginTest" name="test4" time="23.615"/>
  <system-out/>
  <testcase classname="testCases.LoginTest" name="test1" time="21.971"/>
  <system-out/>
</testsuite> <!-- testCases.LoginTest -->
