<?xml version="1.0" encoding="UTF-8"?>
<!-- Generated by org.testng.reporters.JUnitReportReporter -->
<testsuite hostname="DESKTOP-D84TOFF" failures="0" tests="3" name="testCases.LoginTest" time="122.084" errors="0" timestamp="2023-04-30T09:51:38 IST" skipped="0">
  <testcase classname="testCases.LoginTest" name="test2" time="26.953"/>
  <system-out/>
  <testcase classname="testCases.LoginTest" name="test4" time="49.242"/>
  <system-out/>
  <testcase classname="testCases.LoginTest" name="test1" time="45.889"/>
  <system-out/>
</testsuite> <!-- testCases.LoginTest -->
