<?xml version="1.0" encoding="UTF-8"?>
<!-- Generated by org.testng.reporters.JUnitReportReporter -->
<testsuite skipped="0" hostname="DESKTOP-D84TOFF" name="testCases.LoginTest" tests="3" failures="0" timestamp="29 Apr 2023 06:53:14 GMT" time="131.542" errors="0">
  <testcase name="test1" time="78.023" classname="testCases.LoginTest"/>
  <testcase name="test4" time="25.104" classname="testCases.LoginTest"/>
  <testcase name="test2" time="28.415" classname="testCases.LoginTest"/>
</testsuite> <!-- testCases.LoginTest -->
